1525463682143	geckodriver	INFO	geckodriver 0.20.1
1525463682171	geckodriver	INFO	Listening on 127.0.0.1:61999
1525463685184	mozrunner::runner	INFO	Running command: "C:\\Program Files (x86)\\Mozilla Firefox\\firefox.exe" "-marionette" "-profile" "C:\\Users\\akash\\AppData\\Local\\Temp\\rust_mozprofile.nWQaYJ722C1l"
1525463685858	addons.xpi	WARN	Error parsing extensions state: [Exception... "Component returned failure code: 0x80520012 (NS_ERROR_FILE_NOT_FOUND) [amIAddonManagerStartup.readStartupData]"  nsresult: "0x80520012 (NS_ERROR_FILE_NOT_FOUND)"  location: "JS frame :: resource://gre/modules/addons/XPIProvider.jsm :: loadExtensionState :: line 1554"  data: no] Stack trace: loadExtensionState()@resource://gre/modules/addons/XPIProvider.jsm:1554 < getInstallState()@resource://gre/modules/addons/XPIProvider.jsm:1589 < checkForChanges()@resource://gre/modules/addons/XPIProvider.jsm:3109 < startup()@resource://gre/modules/addons/XPIProvider.jsm:2188 < callProvider()@resource://gre/modules/AddonManager.jsm:269 < _startProvider()@resource://gre/modules/AddonManager.jsm:739 < startup()@resource://gre/modules/AddonManager.jsm:906 < startup()@resource://gre/modules/AddonManager.jsm:3090 < observe()@jar:file:///C:/Program%20Files%20(x86)/Mozilla%20Firefox/omni.ja!/components/addonManager.js:65
1525463687453	Marionette	INFO	Enabled via --marionette
[Child 6716] WARNING: pipe error: 109: file z:/build/build/src/ipc/chromium/src/chrome/common/ipc_channel_win.cc, line 346

###!!! [Child][MessageChannel] Error: (msgtype=0x2400FC,name=PContent::Msg_AsyncMessage) Channel closing: too late to send/recv, messages will be lost

JavaScript error: jar:file:///C:/Program%20Files%20(x86)/Mozilla%20Firefox/omni.ja!/components/extension-process-script.js, line 339: NS_ERROR_UNEXPECTED: Component returned failure code: 0x8000ffff (NS_ERROR_UNEXPECTED) [nsIMessageSender.sendAsyncMessage]
1525463693124	Marionette	INFO	Listening on port 62007
1525463693553	Marionette	WARN	TLS certificate errors will be ignored for this session
1525463693741	Marionette	DEBUG	Register listener.js for window 4294967297
1525463693835	Marionette	DEBUG	Received DOM event "beforeunload" for "about:blank"
1525463695769	Marionette	DEBUG	Received DOM event "pagehide" for "about:blank"
1525463695770	Marionette	DEBUG	Received DOM event "unload" for "about:blank"
1525463697265	Marionette	DEBUG	Received DOM event "DOMContentLoaded" for "https://www.facebook.com/"
1525463699404	Marionette	DEBUG	Received DOM event "pageshow" for "https://www.facebook.com/"
JavaScript warning: https://static.xx.fbcdn.net/rsrc.php/v3iMB74/yK/l/en_GB/pNG6Elot1vc.js, line 1804: unreachable code after return statement
[Parent 13580] WARNING: pipe error: 109: file z:/build/build/src/ipc/chromium/src/chrome/common/ipc_channel_win.cc, line 346
[Parent 13580] WARNING: pipe error: 109: file z:/build/build/src/ipc/chromium/src/chrome/common/ipc_channel_win.cc, line 346
[Child 3352] WARNING: pipe error: 109: file z:/build/build/src/ipc/chromium/src/chrome/common/ipc_channel_win.cc, line 346
[Child 33IPDL protocol error: Handler returned error code!

###!!! [Parent][DispatchAsyncMessage] Error: PLayerTransaction::Msg_ReleaseLayer Processing error: message was deserialized, but the handler returned false (indicating failure)

IPDL protocol error: Handler returned error code!

###!!! [Parent][DispatchAsyncMessage] Error: PLayerTransaction::Msg_ReleaseLayer Processing error: message was deserialized, but the handler returned false (indicating failure)

IPDL protocol error: Handler returned error code!

###!!! [Parent][DispatchAsyncMessage] Error: PLayerTransaction::Msg_ReleaseLayer Processing error: message was deserialized, but the handler returned false (indicating failure)

IPDL protocol error: Handler returned error code!

###!!! [Parent][DispatchAsyncMessage] Error: PLayerTransaction::Msg_ReleaseLayer Processing error: message was deserialized, but the handler returned false (indicating failure)

IPDL protocol error: Handler returned error code!

###!!! [Parent][DispatchAsyncMessage] Error: PLayerTransaction::Msg_ReleaseLayer Processing error: message was deserialized, but the handler returned false (indicating failure)

IPDL protocol error: Handler returned error code!

###!!! [Parent][DispatchAsyncMessage] Error: PLayerTransaction::Msg_ReleaseLayer Processing error: message was deserialized, but the handler returned false (indicating failure)

[Parent 13580] WARNING: pipe error: 109: file z:/build/build/src/ipc/chromium/src/chrome/common/ipc_channel_win.cc, line 346
[Child 12024] WARNING: pipe error: 1
###!!! [Child][RunMessage] Error: Channel closing: too late to send/recv, messages will be lost

09: file z:/build/build/src[GPU 4048] W
###!!! [Child][MessageChannel::SendAndWait] Error: Channel error: cannot send/recv

"https://www.facebook.com/profile.php?id=100009573668623&ref=br_rs"
1525458264536	Marionette	DEBUG	Canceled page load listener because no navigation has been detected
1525458266562	Marionette	DEBUG	Received DOM event "beforeunload" for "https://www.facebook.com/profile.php?id=100009573668623&ref=br_rs"
1525458267249	Marionette	DEBUG	Received DOM event "pagehide" for "https://www.facebook.com/profile.php?id=100009573668623&ref=br_rs"
1525458267314	Marionette	DEBUG	Received DOM event "unload" for "https://www.facebook.com/profile.php?id=100009573668623&ref=br_rs"
1525458268476	Marionette	DEBUG	Received observer notification "outer-window-destroyed" for "4294967325"
1525458272191	Marionette	DEBUG	Received DOM event "DOMContentLoaded" for "https://www.facebook.com/navneet.shakya.10"
1525458276467	Marionette	DEBUG	Received DOM event "pageshow" for "https://www.facebook.com/navneet.shakya.10"
1525458278901	Marionette	DEBUG	Canceled page load listener because no navigation has been detected
1525458281484	Marionette	DEBUG	Received DOM event "beforeunload" for "https://www.facebook.com/navneet.shakya.10"
1525458281886	Marionette	DEBUG	Received DOM event "pagehide" for "https://www.facebook.com/navneet.shakya.10"
1525458281924	Marionette	DEBUG	Received DOM event "unload" for "https://www.facebook.com/navneet.shakya.10"
1525458285565	Marionette	DEBUG	Received DOM event "DOMContentLoaded" for "https://www.facebook.com/bavish.kulur"
1525458287814	Marionette	DEBUG	Received DOM event "pageshow" for "https://www.facebook.com/bavish.kulur"
1525458288719	Marionette	DEBUG	Canceled page load listener because no navigation has been detected
1525458291076	Marionette	DEBUG	Received DOM event "beforeunload" for "https://www.facebook.com/bavish.kulur"
1525458291440	Marionette	DEBUG	Received DOM event "pagehide" for "https://www.facebook.com/bavish.kulur"
1525458291477	Marionette	DEBUG	Received DOM event "unl[Child 8156] WARNING: pipe error: 109: file z:/build/build/src/ipc/chromium/src/chrome/common/ipc_channel_win.cc, line 346
[Child 8156] WARNING: pi[GPU 12168] WAR
###!!! [Child][MessageChannel::SendAndWait] Error: Channel error: cannot send/recv

om/ameyask1999"
1525458303196	Marionette	DEBUG	Canceled page load listener because no navigation has been detected
1525458304438	Marionette	DEBUG	Received DOM event "beforeunload" for "https://www.facebook.com/ameyask1999"
1525458304738	Marionette	DEBUG	Received DOM event "pagehide" for "https://www.facebook.com/ameyask1999"
1525458304754	Marionette	DEBUG	Received DOM event "unload" for "https://www.facebook.com/ameyask1999"
1525458309101	Marionette	DEBUG	Received DOM event "DOMContentLoaded" for "https://www.facebook.com/shantanu.samarth"
1525458313622	Marionette	DEBUG	Received DOM event "pageshow" for "https://www.facebook.com/shantanu.samarth"
1525458317535	Marionette	DEBUG	Canceled page load listener because no navigation has been detected
1525458319821	Marionette	INFO	New connections will no longer be accepted
[Child 6396] WARNING: pipe error: 109: file z:/build/build/src/ipc/chromium/src/chrome/common/ipc_channel_win.cc, line 346
IPDL protocol error: Handler returned error code!

###!!! [Parent][DispatchAsyncMessage] Error: PLayerTransaction::Msg_ReleaseLayer Processing error: message was deserialized, but the handler returned false (indicating failure)

IPDL protocol error: Handler returned error code!

###!!! [Parent][DispatchAsyncMessage] Error: PLayerTransaction::Msg_ReleaseLayer Processing error: message was deserialized, but the handler returned false (indicating failure)

[Child 6788] WARNING: pipe error: 109: file z:/build/build/s[GPU 15336] WARNING: pip
###!!! [Child][MessageChannel::SendAndWait] Error: Channel error: cannot send/recv

rionette	DEBUG	Received DOM event "pageshow" for "https://www.facebook.com/rayavarapu.laxmanrao"
1525457732577	Marionette	DEBUG	Canceled page load listener because no navigation has been detected
1525457734172	Marionette	DEBUG	Received DOM event "beforeunload" for "https://www.facebook.com/rayavarapu.laxmanrao"
1525457734659	Marionette	DEBUG	Received DOM event "pagehide" for "https://www.facebook.com/rayavarapu.laxmanrao"
1525457734687	Marionette	DEBUG	Received DOM event "unload" for "https://www.facebook.com/rayavarapu.laxmanrao"
1525457741762	Marionette	DEBUG	Received DOM event "DOMContentLoaded" for "https://www.facebook.com/mallakshat26"
1525457747329	Marionette	DEBUG	Received DOM event "pageshow" for "https://www.facebook.com/mallakshat26"
1525457750753	Marionette	DEBUG	Canceled page load listener because no navigation has been detected
[Child 7504] WARNING: pipe error: 109: file z:/build/build/src/ipc/chromium/src/chrome/common/ipc_channel_win.cc, line 346
[Child 7504] WARNING:[GPU 10140] WARNI
###!!! [Child][MessageChannel::SendAndWait] Error: Channel error: cannot send/recv

